ARM GAS  C:\Users\maksy\AppData\Local\Temp\ccNNshff.s 			page 1


   1              		.syntax unified
   2              		.cpu cortex-m0
   3              		.fpu softvfp
   4              		.eabi_attribute 20, 1
   5              		.eabi_attribute 21, 1
   6              		.eabi_attribute 23, 3
   7              		.eabi_attribute 24, 1
   8              		.eabi_attribute 25, 1
   9              		.eabi_attribute 26, 1
  10              		.eabi_attribute 30, 1
  11              		.eabi_attribute 34, 0
  12              		.eabi_attribute 18, 4
  13              		.thumb
  14              		.syntax unified
  15              		.file	"main.c"
  16              		.text
  17              	.Ltext0:
  18              		.cfi_sections	.debug_frame
  19              		.section	.text.main,"ax",%progbits
  20              		.align	2
  21              		.global	main
  22              		.code	16
  23              		.thumb_func
  24              		.type	main, %function
  25              	main:
  26              	.LFB32:
  27              		.file 1 "main.c"
   1:main.c        **** #include "project.h"
   2:main.c        **** int main(void)
   3:main.c        **** {
  28              		.loc 1 3 0
  29              		.cfi_startproc
  30              		@ args = 0, pretend = 0, frame = 0
  31              		@ frame_needed = 0, uses_anonymous_args = 0
  32 0000 10B5     		push	{r4, lr}
  33              		.cfi_def_cfa_offset 8
  34              		.cfi_offset 4, -8
  35              		.cfi_offset 14, -4
   4:main.c        ****     uint8 ch;
   5:main.c        **** 
   6:main.c        ****     UART_Start();
  36              		.loc 1 6 0
  37 0002 FFF7FEFF 		bl	UART_Start
  38              	.LVL0:
  39              	.L3:
   7:main.c        ****     
   8:main.c        ****     while(1)
   9:main.c        ****     {
  10:main.c        ****         ch = UART_UartGetChar();
  40              		.loc 1 10 0
  41 0006 FFF7FEFF 		bl	UART_UartGetChar
  42              	.LVL1:
  43 000a C3B2     		uxtb	r3, r0
  44              	.LVL2:
  11:main.c        ****     
  12:main.c        ****         if(0u != ch)
  45              		.loc 1 12 0
ARM GAS  C:\Users\maksy\AppData\Local\Temp\ccNNshff.s 			page 2


  46 000c 002B     		cmp	r3, #0
  47 000e FAD0     		beq	.L3
  13:main.c        ****         {
  14:main.c        ****             if(ch >= 97 && ch <= 122)
  48              		.loc 1 14 0
  49 0010 1A00     		movs	r2, r3
  50 0012 613A     		subs	r2, r2, #97
  51 0014 D2B2     		uxtb	r2, r2
  52 0016 192A     		cmp	r2, #25
  53 0018 04D8     		bhi	.L4
  15:main.c        ****             {
  16:main.c        ****                 ch -= 32;
  54              		.loc 1 16 0
  55 001a 203B     		subs	r3, r3, #32
  56              	.LVL3:
  57 001c D8B2     		uxtb	r0, r3
  58              	.LVL4:
  17:main.c        ****                 UART_UartPutChar(ch);
  59              		.loc 1 17 0
  60 001e FFF7FEFF 		bl	UART_SpiUartWriteTxData
  61              	.LVL5:
  62 0022 F0E7     		b	.L3
  63              	.LVL6:
  64              	.L4:
  18:main.c        ****             }
  19:main.c        ****             else
  20:main.c        ****             {
  21:main.c        ****                 UART_UartPutChar(ch);
  65              		.loc 1 21 0
  66 0024 FF23     		movs	r3, #255
  67              	.LVL7:
  68 0026 1840     		ands	r0, r3
  69              	.LVL8:
  70 0028 FFF7FEFF 		bl	UART_SpiUartWriteTxData
  71              	.LVL9:
  72 002c EBE7     		b	.L3
  73              		.cfi_endproc
  74              	.LFE32:
  75              		.size	main, .-main
  76 002e C046     		.text
  77              	.Letext0:
  78              		.file 2 "Generated_Source\\PSoC4/cytypes.h"
  79              		.file 3 "Generated_Source\\PSoC4/UART.h"
  80              		.file 4 "Generated_Source\\PSoC4/UART_SPI_UART.h"
  81              		.section	.debug_info,"",%progbits
  82              	.Ldebug_info0:
  83 0000 12010000 		.4byte	0x112
  84 0004 0400     		.2byte	0x4
  85 0006 00000000 		.4byte	.Ldebug_abbrev0
  86 000a 04       		.byte	0x4
  87 000b 01       		.uleb128 0x1
  88 000c 3A010000 		.4byte	.LASF19
  89 0010 0C       		.byte	0xc
  90 0011 22000000 		.4byte	.LASF20
  91 0015 2E000000 		.4byte	.LASF21
  92 0019 00000000 		.4byte	.Ldebug_ranges0+0
  93 001d 00000000 		.4byte	0
ARM GAS  C:\Users\maksy\AppData\Local\Temp\ccNNshff.s 			page 3


  94 0021 00000000 		.4byte	.Ldebug_line0
  95 0025 02       		.uleb128 0x2
  96 0026 01       		.byte	0x1
  97 0027 06       		.byte	0x6
  98 0028 CE010000 		.4byte	.LASF0
  99 002c 02       		.uleb128 0x2
 100 002d 01       		.byte	0x1
 101 002e 08       		.byte	0x8
 102 002f 04010000 		.4byte	.LASF1
 103 0033 02       		.uleb128 0x2
 104 0034 02       		.byte	0x2
 105 0035 05       		.byte	0x5
 106 0036 E6010000 		.4byte	.LASF2
 107 003a 02       		.uleb128 0x2
 108 003b 02       		.byte	0x2
 109 003c 07       		.byte	0x7
 110 003d CA000000 		.4byte	.LASF3
 111 0041 02       		.uleb128 0x2
 112 0042 04       		.byte	0x4
 113 0043 05       		.byte	0x5
 114 0044 2A010000 		.4byte	.LASF4
 115 0048 02       		.uleb128 0x2
 116 0049 04       		.byte	0x4
 117 004a 07       		.byte	0x7
 118 004b A1000000 		.4byte	.LASF5
 119 004f 02       		.uleb128 0x2
 120 0050 08       		.byte	0x8
 121 0051 05       		.byte	0x5
 122 0052 00000000 		.4byte	.LASF6
 123 0056 02       		.uleb128 0x2
 124 0057 08       		.byte	0x8
 125 0058 07       		.byte	0x7
 126 0059 B3000000 		.4byte	.LASF7
 127 005d 03       		.uleb128 0x3
 128 005e 04       		.byte	0x4
 129 005f 05       		.byte	0x5
 130 0060 696E7400 		.ascii	"int\000"
 131 0064 02       		.uleb128 0x2
 132 0065 04       		.byte	0x4
 133 0066 07       		.byte	0x7
 134 0067 15000000 		.4byte	.LASF8
 135 006b 04       		.uleb128 0x4
 136 006c C8010000 		.4byte	.LASF9
 137 0070 02       		.byte	0x2
 138 0071 FB01     		.2byte	0x1fb
 139 0073 2C000000 		.4byte	0x2c
 140 0077 04       		.uleb128 0x4
 141 0078 0E000000 		.4byte	.LASF10
 142 007c 02       		.byte	0x2
 143 007d FD01     		.2byte	0x1fd
 144 007f 48000000 		.4byte	0x48
 145 0083 02       		.uleb128 0x2
 146 0084 04       		.byte	0x4
 147 0085 04       		.byte	0x4
 148 0086 DD000000 		.4byte	.LASF11
 149 008a 02       		.uleb128 0x2
 150 008b 08       		.byte	0x8
ARM GAS  C:\Users\maksy\AppData\Local\Temp\ccNNshff.s 			page 4


 151 008c 04       		.byte	0x4
 152 008d 33010000 		.4byte	.LASF12
 153 0091 02       		.uleb128 0x2
 154 0092 01       		.byte	0x1
 155 0093 08       		.byte	0x8
 156 0094 F4000000 		.4byte	.LASF13
 157 0098 02       		.uleb128 0x2
 158 0099 08       		.byte	0x8
 159 009a 04       		.byte	0x4
 160 009b DA010000 		.4byte	.LASF14
 161 009f 02       		.uleb128 0x2
 162 00a0 04       		.byte	0x4
 163 00a1 07       		.byte	0x7
 164 00a2 F0010000 		.4byte	.LASF15
 165 00a6 05       		.uleb128 0x5
 166 00a7 29000000 		.4byte	.LASF22
 167 00ab 01       		.byte	0x1
 168 00ac 02       		.byte	0x2
 169 00ad 5D000000 		.4byte	0x5d
 170 00b1 00000000 		.4byte	.LFB32
 171 00b5 2E000000 		.4byte	.LFE32-.LFB32
 172 00b9 01       		.uleb128 0x1
 173 00ba 9C       		.byte	0x9c
 174 00bb F2000000 		.4byte	0xf2
 175 00bf 06       		.uleb128 0x6
 176 00c0 636800   		.ascii	"ch\000"
 177 00c3 01       		.byte	0x1
 178 00c4 04       		.byte	0x4
 179 00c5 6B000000 		.4byte	0x6b
 180 00c9 00000000 		.4byte	.LLST0
 181 00cd 07       		.uleb128 0x7
 182 00ce 06000000 		.4byte	.LVL0
 183 00d2 F2000000 		.4byte	0xf2
 184 00d6 07       		.uleb128 0x7
 185 00d7 0A000000 		.4byte	.LVL1
 186 00db FD000000 		.4byte	0xfd
 187 00df 07       		.uleb128 0x7
 188 00e0 22000000 		.4byte	.LVL5
 189 00e4 09010000 		.4byte	0x109
 190 00e8 07       		.uleb128 0x7
 191 00e9 2C000000 		.4byte	.LVL9
 192 00ed 09010000 		.4byte	0x109
 193 00f1 00       		.byte	0
 194 00f2 08       		.uleb128 0x8
 195 00f3 F9000000 		.4byte	.LASF16
 196 00f7 F9000000 		.4byte	.LASF16
 197 00fb 03       		.byte	0x3
 198 00fc 72       		.byte	0x72
 199 00fd 09       		.uleb128 0x9
 200 00fe E3000000 		.4byte	.LASF17
 201 0102 E3000000 		.4byte	.LASF17
 202 0106 04       		.byte	0x4
 203 0107 0F03     		.2byte	0x30f
 204 0109 09       		.uleb128 0x9
 205 010a 12010000 		.4byte	.LASF18
 206 010e 12010000 		.4byte	.LASF18
 207 0112 04       		.byte	0x4
ARM GAS  C:\Users\maksy\AppData\Local\Temp\ccNNshff.s 			page 5


 208 0113 4403     		.2byte	0x344
 209 0115 00       		.byte	0
 210              		.section	.debug_abbrev,"",%progbits
 211              	.Ldebug_abbrev0:
 212 0000 01       		.uleb128 0x1
 213 0001 11       		.uleb128 0x11
 214 0002 01       		.byte	0x1
 215 0003 25       		.uleb128 0x25
 216 0004 0E       		.uleb128 0xe
 217 0005 13       		.uleb128 0x13
 218 0006 0B       		.uleb128 0xb
 219 0007 03       		.uleb128 0x3
 220 0008 0E       		.uleb128 0xe
 221 0009 1B       		.uleb128 0x1b
 222 000a 0E       		.uleb128 0xe
 223 000b 55       		.uleb128 0x55
 224 000c 17       		.uleb128 0x17
 225 000d 11       		.uleb128 0x11
 226 000e 01       		.uleb128 0x1
 227 000f 10       		.uleb128 0x10
 228 0010 17       		.uleb128 0x17
 229 0011 00       		.byte	0
 230 0012 00       		.byte	0
 231 0013 02       		.uleb128 0x2
 232 0014 24       		.uleb128 0x24
 233 0015 00       		.byte	0
 234 0016 0B       		.uleb128 0xb
 235 0017 0B       		.uleb128 0xb
 236 0018 3E       		.uleb128 0x3e
 237 0019 0B       		.uleb128 0xb
 238 001a 03       		.uleb128 0x3
 239 001b 0E       		.uleb128 0xe
 240 001c 00       		.byte	0
 241 001d 00       		.byte	0
 242 001e 03       		.uleb128 0x3
 243 001f 24       		.uleb128 0x24
 244 0020 00       		.byte	0
 245 0021 0B       		.uleb128 0xb
 246 0022 0B       		.uleb128 0xb
 247 0023 3E       		.uleb128 0x3e
 248 0024 0B       		.uleb128 0xb
 249 0025 03       		.uleb128 0x3
 250 0026 08       		.uleb128 0x8
 251 0027 00       		.byte	0
 252 0028 00       		.byte	0
 253 0029 04       		.uleb128 0x4
 254 002a 16       		.uleb128 0x16
 255 002b 00       		.byte	0
 256 002c 03       		.uleb128 0x3
 257 002d 0E       		.uleb128 0xe
 258 002e 3A       		.uleb128 0x3a
 259 002f 0B       		.uleb128 0xb
 260 0030 3B       		.uleb128 0x3b
 261 0031 05       		.uleb128 0x5
 262 0032 49       		.uleb128 0x49
 263 0033 13       		.uleb128 0x13
 264 0034 00       		.byte	0
ARM GAS  C:\Users\maksy\AppData\Local\Temp\ccNNshff.s 			page 6


 265 0035 00       		.byte	0
 266 0036 05       		.uleb128 0x5
 267 0037 2E       		.uleb128 0x2e
 268 0038 01       		.byte	0x1
 269 0039 3F       		.uleb128 0x3f
 270 003a 19       		.uleb128 0x19
 271 003b 03       		.uleb128 0x3
 272 003c 0E       		.uleb128 0xe
 273 003d 3A       		.uleb128 0x3a
 274 003e 0B       		.uleb128 0xb
 275 003f 3B       		.uleb128 0x3b
 276 0040 0B       		.uleb128 0xb
 277 0041 27       		.uleb128 0x27
 278 0042 19       		.uleb128 0x19
 279 0043 49       		.uleb128 0x49
 280 0044 13       		.uleb128 0x13
 281 0045 8701     		.uleb128 0x87
 282 0047 19       		.uleb128 0x19
 283 0048 11       		.uleb128 0x11
 284 0049 01       		.uleb128 0x1
 285 004a 12       		.uleb128 0x12
 286 004b 06       		.uleb128 0x6
 287 004c 40       		.uleb128 0x40
 288 004d 18       		.uleb128 0x18
 289 004e 9742     		.uleb128 0x2117
 290 0050 19       		.uleb128 0x19
 291 0051 01       		.uleb128 0x1
 292 0052 13       		.uleb128 0x13
 293 0053 00       		.byte	0
 294 0054 00       		.byte	0
 295 0055 06       		.uleb128 0x6
 296 0056 34       		.uleb128 0x34
 297 0057 00       		.byte	0
 298 0058 03       		.uleb128 0x3
 299 0059 08       		.uleb128 0x8
 300 005a 3A       		.uleb128 0x3a
 301 005b 0B       		.uleb128 0xb
 302 005c 3B       		.uleb128 0x3b
 303 005d 0B       		.uleb128 0xb
 304 005e 49       		.uleb128 0x49
 305 005f 13       		.uleb128 0x13
 306 0060 02       		.uleb128 0x2
 307 0061 17       		.uleb128 0x17
 308 0062 00       		.byte	0
 309 0063 00       		.byte	0
 310 0064 07       		.uleb128 0x7
 311 0065 898201   		.uleb128 0x4109
 312 0068 00       		.byte	0
 313 0069 11       		.uleb128 0x11
 314 006a 01       		.uleb128 0x1
 315 006b 31       		.uleb128 0x31
 316 006c 13       		.uleb128 0x13
 317 006d 00       		.byte	0
 318 006e 00       		.byte	0
 319 006f 08       		.uleb128 0x8
 320 0070 2E       		.uleb128 0x2e
 321 0071 00       		.byte	0
ARM GAS  C:\Users\maksy\AppData\Local\Temp\ccNNshff.s 			page 7


 322 0072 3F       		.uleb128 0x3f
 323 0073 19       		.uleb128 0x19
 324 0074 3C       		.uleb128 0x3c
 325 0075 19       		.uleb128 0x19
 326 0076 6E       		.uleb128 0x6e
 327 0077 0E       		.uleb128 0xe
 328 0078 03       		.uleb128 0x3
 329 0079 0E       		.uleb128 0xe
 330 007a 3A       		.uleb128 0x3a
 331 007b 0B       		.uleb128 0xb
 332 007c 3B       		.uleb128 0x3b
 333 007d 0B       		.uleb128 0xb
 334 007e 00       		.byte	0
 335 007f 00       		.byte	0
 336 0080 09       		.uleb128 0x9
 337 0081 2E       		.uleb128 0x2e
 338 0082 00       		.byte	0
 339 0083 3F       		.uleb128 0x3f
 340 0084 19       		.uleb128 0x19
 341 0085 3C       		.uleb128 0x3c
 342 0086 19       		.uleb128 0x19
 343 0087 6E       		.uleb128 0x6e
 344 0088 0E       		.uleb128 0xe
 345 0089 03       		.uleb128 0x3
 346 008a 0E       		.uleb128 0xe
 347 008b 3A       		.uleb128 0x3a
 348 008c 0B       		.uleb128 0xb
 349 008d 3B       		.uleb128 0x3b
 350 008e 05       		.uleb128 0x5
 351 008f 00       		.byte	0
 352 0090 00       		.byte	0
 353 0091 00       		.byte	0
 354              		.section	.debug_loc,"",%progbits
 355              	.Ldebug_loc0:
 356              	.LLST0:
 357 0000 0C000000 		.4byte	.LVL2
 358 0004 1C000000 		.4byte	.LVL3
 359 0008 0100     		.2byte	0x1
 360 000a 53       		.byte	0x53
 361 000b 1C000000 		.4byte	.LVL3
 362 000f 1E000000 		.4byte	.LVL4
 363 0013 0300     		.2byte	0x3
 364 0015 73       		.byte	0x73
 365 0016 20       		.sleb128 32
 366 0017 9F       		.byte	0x9f
 367 0018 1E000000 		.4byte	.LVL4
 368 001c 21000000 		.4byte	.LVL5-1
 369 0020 0100     		.2byte	0x1
 370 0022 50       		.byte	0x50
 371 0023 24000000 		.4byte	.LVL6
 372 0027 26000000 		.4byte	.LVL7
 373 002b 0100     		.2byte	0x1
 374 002d 53       		.byte	0x53
 375 002e 26000000 		.4byte	.LVL7
 376 0032 28000000 		.4byte	.LVL8
 377 0036 0100     		.2byte	0x1
 378 0038 50       		.byte	0x50
ARM GAS  C:\Users\maksy\AppData\Local\Temp\ccNNshff.s 			page 8


 379 0039 00000000 		.4byte	0
 380 003d 00000000 		.4byte	0
 381              		.section	.debug_aranges,"",%progbits
 382 0000 1C000000 		.4byte	0x1c
 383 0004 0200     		.2byte	0x2
 384 0006 00000000 		.4byte	.Ldebug_info0
 385 000a 04       		.byte	0x4
 386 000b 00       		.byte	0
 387 000c 0000     		.2byte	0
 388 000e 0000     		.2byte	0
 389 0010 00000000 		.4byte	.LFB32
 390 0014 2E000000 		.4byte	.LFE32-.LFB32
 391 0018 00000000 		.4byte	0
 392 001c 00000000 		.4byte	0
 393              		.section	.debug_ranges,"",%progbits
 394              	.Ldebug_ranges0:
 395 0000 00000000 		.4byte	.LFB32
 396 0004 2E000000 		.4byte	.LFE32
 397 0008 00000000 		.4byte	0
 398 000c 00000000 		.4byte	0
 399              		.section	.debug_line,"",%progbits
 400              	.Ldebug_line0:
 401 0000 78000000 		.section	.debug_str,"MS",%progbits,1
 401      02005E00 
 401      00000201 
 401      FB0E0D00 
 401      01010101 
 402              	.LASF6:
 403 0000 6C6F6E67 		.ascii	"long long int\000"
 403      206C6F6E 
 403      6720696E 
 403      7400
 404              	.LASF10:
 405 000e 75696E74 		.ascii	"uint32\000"
 405      333200
 406              	.LASF8:
 407 0015 756E7369 		.ascii	"unsigned int\000"
 407      676E6564 
 407      20696E74 
 407      00
 408              	.LASF20:
 409 0022 6D61696E 		.ascii	"main.c\000"
 409      2E6300
 410              	.LASF22:
 411 0029 6D61696E 		.ascii	"main\000"
 411      00
 412              	.LASF21:
 413 002e 433A5C55 		.ascii	"C:\\Users\\maksy\\Desktop\\MaksRoma\\7_semestr\\CSA"
 413      73657273 
 413      5C6D616B 
 413      73795C44 
 413      65736B74 
 414 005b 445F2853 		.ascii	"D_(SAPR)\\csdt2024ki47maksymiukrv12\\Server\\PSoC4_"
 414      41505229 
 414      5C637364 
 414      74323032 
 414      346B6934 
ARM GAS  C:\Users\maksy\AppData\Local\Temp\ccNNshff.s 			page 9


 415 008b 43686563 		.ascii	"Checkers_Server.cydsn\000"
 415      6B657273 
 415      5F536572 
 415      7665722E 
 415      63796473 
 416              	.LASF5:
 417 00a1 6C6F6E67 		.ascii	"long unsigned int\000"
 417      20756E73 
 417      69676E65 
 417      6420696E 
 417      7400
 418              	.LASF7:
 419 00b3 6C6F6E67 		.ascii	"long long unsigned int\000"
 419      206C6F6E 
 419      6720756E 
 419      7369676E 
 419      65642069 
 420              	.LASF3:
 421 00ca 73686F72 		.ascii	"short unsigned int\000"
 421      7420756E 
 421      7369676E 
 421      65642069 
 421      6E7400
 422              	.LASF11:
 423 00dd 666C6F61 		.ascii	"float\000"
 423      7400
 424              	.LASF17:
 425 00e3 55415254 		.ascii	"UART_UartGetChar\000"
 425      5F556172 
 425      74476574 
 425      43686172 
 425      00
 426              	.LASF13:
 427 00f4 63686172 		.ascii	"char\000"
 427      00
 428              	.LASF16:
 429 00f9 55415254 		.ascii	"UART_Start\000"
 429      5F537461 
 429      727400
 430              	.LASF1:
 431 0104 756E7369 		.ascii	"unsigned char\000"
 431      676E6564 
 431      20636861 
 431      7200
 432              	.LASF18:
 433 0112 55415254 		.ascii	"UART_SpiUartWriteTxData\000"
 433      5F537069 
 433      55617274 
 433      57726974 
 433      65547844 
 434              	.LASF4:
 435 012a 6C6F6E67 		.ascii	"long int\000"
 435      20696E74 
 435      00
 436              	.LASF12:
 437 0133 646F7562 		.ascii	"double\000"
 437      6C6500
ARM GAS  C:\Users\maksy\AppData\Local\Temp\ccNNshff.s 			page 10


 438              	.LASF19:
 439 013a 474E5520 		.ascii	"GNU C11 5.4.1 20160609 (release) [ARM/embedded-5-br"
 439      43313120 
 439      352E342E 
 439      31203230 
 439      31363036 
 440 016d 616E6368 		.ascii	"anch revision 237715] -mcpu=cortex-m0 -mthumb -g -O"
 440      20726576 
 440      6973696F 
 440      6E203233 
 440      37373135 
 441 01a0 67202D66 		.ascii	"g -ffunction-sections -ffat-lto-objects\000"
 441      66756E63 
 441      74696F6E 
 441      2D736563 
 441      74696F6E 
 442              	.LASF9:
 443 01c8 75696E74 		.ascii	"uint8\000"
 443      3800
 444              	.LASF0:
 445 01ce 7369676E 		.ascii	"signed char\000"
 445      65642063 
 445      68617200 
 446              	.LASF14:
 447 01da 6C6F6E67 		.ascii	"long double\000"
 447      20646F75 
 447      626C6500 
 448              	.LASF2:
 449 01e6 73686F72 		.ascii	"short int\000"
 449      7420696E 
 449      7400
 450              	.LASF15:
 451 01f0 73697A65 		.ascii	"sizetype\000"
 451      74797065 
 451      00
 452              		.ident	"GCC: (GNU Tools for ARM Embedded Processors) 5.4.1 20160609 (release) [ARM/embedded-5-bran
